# JRE version: OpenJDK Runtime Environment Temurin-17.0.6+10 (17.0.6+10) (build 17.0.6+10)
# Java VM: OpenJDK 64-Bit Server VM Temurin-17.0.6+10 (17.0.6+10, mixed mode, tiered, compressed oops, compressed class ptrs, parallel gc, windows-amd64)
GC Precious Log:
 CPUs: 8 total, 8 available
 Memory: 16151M
 Large Page Support: Disabled
 NUMA Support: Disabled
 Compressed Oops: Enabled (32-bit)
 Alignments: Space 512K, Generation 512K, Heap 2M
 Heap Min Capacity: 100M
 Heap Initial Capacity: 100M
 Heap Max Capacity: 1G
 Pre-touch: Disabled
 Parallel Workers: 8
Heap:
 PSYoungGen      total 8192K, used 7747K [0x00000000eab00000, 0x00000000eb580000, 0x0000000100000000)
  eden space 5632K, 100% used [0x00000000eab00000,0x00000000eb080000,0x00000000eb080000)
  from space 2560K, 82% used [0x00000000eb100000,0x00000000eb310d20,0x00000000eb380000)
  to   space 2048K, 89% used [0x00000000eb380000,0x00000000eb54a420,0x00000000eb580000)
 ParOldGen       total 439296K, used 405804K [0x00000000c0000000, 0x00000000dad00000, 0x00000000eab00000)
  object space 439296K, 92% used [0x00000000c0000000,0x00000000d8c4b328,0x00000000dad00000)
 Metaspace       used 111196K, committed 112640K, reserved 1155072K
  class space    used 10731K, committed 11392K, reserved 1048576K
GC Heap History (20 events):
Event: 60278.548 GC heap after
{Heap after GC invocations=66854 (full 1618):
 PSYoungGen      total 14336K, used 3053K [0x00000000eab00000, 0x00000000ebd00000, 0x0000000100000000)
  eden space 11264K, 0% used [0x00000000eab00000,0x00000000eab00000,0x00000000eb600000)
  from space 3072K, 99% used [0x00000000eba00000,0x00000000ebcfb630,0x00000000ebd00000)
  to   space 3584K, 0% used [0x00000000eb600000,0x00000000eb600000,0x00000000eb980000)
 ParOldGen       total 439296K, used 398392K [0x00000000c0000000, 0x00000000dad00000, 0x00000000eab00000)
  object space 439296K, 90% used [0x00000000c0000000,0x00000000d850e0b0,0x00000000dad00000)
 Metaspace       used 111196K, committed 112640K, reserved 1155072K
  class space    used 10731K, committed 11392K, reserved 1048576K
}
Event: 60289.331 GC heap before
{Heap before GC invocations=66855 (full 1618):
 PSYoungGen      total 14336K, used 14317K [0x00000000eab00000, 0x00000000ebd00000, 0x0000000100000000)
  eden space 11264K, 100% used [0x00000000eab00000,0x00000000eb600000,0x00000000eb600000)
  from space 3072K, 99% used [0x00000000eba00000,0x00000000ebcfb630,0x00000000ebd00000)
  to   space 3584K, 0% used [0x00000000eb600000,0x00000000eb600000,0x00000000eb980000)
 ParOldGen       total 439296K, used 398392K [0x00000000c0000000, 0x00000000dad00000, 0x00000000eab00000)
  object space 439296K, 90% used [0x00000000c0000000,0x00000000d850e0b0,0x00000000dad00000)
 Metaspace       used 111196K, committed 112640K, reserved 1155072K
  class space    used 10731K, committed 11392K, reserved 1048576K
}
Event: 60289.334 GC heap after
{Heap after GC invocations=66855 (full 1618):
 PSYoungGen      total 14848K, used 3164K [0x00000000eab00000, 0x00000000ebd00000, 0x0000000100000000)
  eden space 11264K, 0% used [0x00000000eab00000,0x00000000eab00000,0x00000000eb600000)
  from space 3584K, 88% used [0x00000000eb600000,0x00000000eb917130,0x00000000eb980000)
  to   space 3584K, 0% used [0x00000000eb980000,0x00000000eb980000,0x00000000ebd00000)
 ParOldGen       total 439296K, used 399292K [0x00000000c0000000, 0x00000000dad00000, 0x00000000eab00000)
  object space 439296K, 90% used [0x00000000c0000000,0x00000000d85ef2f0,0x00000000dad00000)
 Metaspace       used 111196K, committed 112640K, reserved 1155072K
  class space    used 10731K, committed 11392K, reserved 1048576K
}
Event: 60289.368 GC heap before
{Heap before GC invocations=66856 (full 1618):
 PSYoungGen      total 14848K, used 14428K [0x00000000eab00000, 0x00000000ebd00000, 0x0000000100000000)
  eden space 11264K, 100% used [0x00000000eab00000,0x00000000eb600000,0x00000000eb600000)
  from space 3584K, 88% used [0x00000000eb600000,0x00000000eb917130,0x00000000eb980000)
  to   space 3584K, 0% used [0x00000000eb980000,0x00000000eb980000,0x00000000ebd00000)
 ParOldGen       total 439296K, used 399292K [0x00000000c0000000, 0x00000000dad00000, 0x00000000eab00000)
  object space 439296K, 90% used [0x00000000c0000000,0x00000000d85ef2f0,0x00000000dad00000)
 Metaspace       used 111196K, committed 112640K, reserved 1155072K
  class space    used 10731K, committed 11392K, reserved 1048576K
}
Event: 60289.371 GC heap after
{Heap after GC invocations=66856 (full 1618):
 PSYoungGen      total 9216K, used 3574K [0x00000000eab00000, 0x00000000ec800000, 0x0000000100000000)
  eden space 5632K, 0% used [0x00000000eab00000,0x00000000eab00000,0x00000000eb080000)
  from space 3584K, 99% used [0x00000000eb980000,0x00000000ebcfda28,0x00000000ebd00000)
  to   space 9216K, 0% used [0x00000000eb080000,0x00000000eb080000,0x00000000eb980000)
 ParOldGen       total 439296K, used 403668K [0x00000000c0000000, 0x00000000dad00000, 0x00000000eab00000)
  object space 439296K, 91% used [0x00000000c0000000,0x00000000d8a353e8,0x00000000dad00000)
 Metaspace       used 111196K, committed 112640K, reserved 1155072K
  class space    used 10731K, committed 11392K, reserved 1048576K
}
Event: 60290.061 GC heap before
{Heap before GC invocations=66857 (full 1618):
 PSYoungGen      total 9216K, used 9206K [0x00000000eab00000, 0x00000000ec800000, 0x0000000100000000)
  eden space 5632K, 100% used [0x00000000eab00000,0x00000000eb080000,0x00000000eb080000)
  from space 3584K, 99% used [0x00000000eb980000,0x00000000ebcfda28,0x00000000ebd00000)
  to   space 9216K, 0% used [0x00000000eb080000,0x00000000eb080000,0x00000000eb980000)
 ParOldGen       total 439296K, used 403668K [0x00000000c0000000, 0x00000000dad00000, 0x00000000eab00000)
  object space 439296K, 91% used [0x00000000c0000000,0x00000000d8a353e8,0x00000000dad00000)
 Metaspace       used 111196K, committed 112640K, reserved 1155072K
  class space    used 10731K, committed 11392K, reserved 1048576K
}
Event: 60290.064 GC heap after
{Heap after GC invocations=66857 (full 1618):
 PSYoungGen      total 8192K, used 2499K [0x00000000eab00000, 0x00000000eba00000, 0x0000000100000000)
  eden space 5632K, 0% used [0x00000000eab00000,0x00000000eab00000,0x00000000eb080000)
  from space 2560K, 97% used [0x00000000eb080000,0x00000000eb2f0d00,0x00000000eb300000)
  to   space 4608K, 0% used [0x00000000eb580000,0x00000000eb580000,0x00000000eba00000)
 ParOldGen       total 439296K, used 404137K [0x00000000c0000000, 0x00000000dad00000, 0x00000000eab00000)
  object space 439296K, 91% used [0x00000000c0000000,0x00000000d8aaa628,0x00000000dad00000)
 Metaspace       used 111196K, committed 112640K, reserved 1155072K
  class space    used 10731K, committed 11392K, reserved 1048576K
}
Event: 60290.083 GC heap before
{Heap before GC invocations=66858 (full 1618):
 PSYoungGen      total 8192K, used 8131K [0x00000000eab00000, 0x00000000eba00000, 0x0000000100000000)
  eden space 5632K, 100% used [0x00000000eab00000,0x00000000eb080000,0x00000000eb080000)
  from space 2560K, 97% used [0x00000000eb080000,0x00000000eb2f0d00,0x00000000eb300000)
  to   space 4608K, 0% used [0x00000000eb580000,0x00000000eb580000,0x00000000eba00000)
 ParOldGen       total 439296K, used 404137K [0x00000000c0000000, 0x00000000dad00000, 0x00000000eab00000)
  object space 439296K, 91% used [0x00000000c0000000,0x00000000d8aaa628,0x00000000dad00000)
 Metaspace       used 111196K, committed 112640K, reserved 1155072K
  class space    used 10731K, committed 11392K, reserved 1048576K
}
Event: 60290.085 GC heap after
{Heap after GC invocations=66858 (full 1618):
 PSYoungGen      total 8192K, used 2345K [0x00000000eab00000, 0x00000000eb800000, 0x0000000100000000)
  eden space 5632K, 0% used [0x00000000eab00000,0x00000000eab00000,0x00000000eb080000)
  from space 2560K, 91% used [0x00000000eb580000,0x00000000eb7ca400,0x00000000eb800000)
  to   space 3072K, 0% used [0x00000000eb200000,0x00000000eb200000,0x00000000eb500000)
 ParOldGen       total 439296K, used 404137K [0x00000000c0000000, 0x00000000dad00000, 0x00000000eab00000)
  object space 439296K, 91% used [0x00000000c0000000,0x00000000d8aaa628,0x00000000dad00000)
 Metaspace       used 111196K, committed 112640K, reserved 1155072K
  class space    used 10731K, committed 11392K, reserved 1048576K
}
Event: 60290.097 GC heap before
{Heap before GC invocations=66859 (full 1618):
 PSYoungGen      total 8192K, used 7977K [0x00000000eab00000, 0x00000000eb800000, 0x0000000100000000)
  eden space 5632K, 100% used [0x00000000eab00000,0x00000000eb080000,0x00000000eb080000)
  from space 2560K, 91% used [0x00000000eb580000,0x00000000eb7ca400,0x00000000eb800000)
  to   space 3072K, 0% used [0x00000000eb200000,0x00000000eb200000,0x00000000eb500000)
 ParOldGen       total 439296K, used 404137K [0x00000000c0000000, 0x00000000dad00000, 0x00000000eab00000)
  object space 439296K, 91% used [0x00000000c0000000,0x00000000d8aaa628,0x00000000dad00000)
 Metaspace       used 111196K, committed 112640K, reserved 1155072K
  class space    used 10731K, committed 11392K, reserved 1048576K
}
Event: 60290.099 GC heap after
{Heap after GC invocations=66859 (full 1618):
 PSYoungGen      total 8704K, used 2643K [0x00000000eab00000, 0x00000000eb680000, 0x0000000100000000)
  eden space 5632K, 0% used [0x00000000eab00000,0x00000000eab00000,0x00000000eb080000)
  from space 3072K, 86% used [0x00000000eb200000,0x00000000eb494d10,0x00000000eb500000)
  to   space 1536K, 0% used [0x00000000eb500000,0x00000000eb500000,0x00000000eb680000)
 ParOldGen       total 439296K, used 404137K [0x00000000c0000000, 0x00000000dad00000, 0x00000000eab00000)
  object space 439296K, 91% used [0x00000000c0000000,0x00000000d8aaa628,0x00000000dad00000)
 Metaspace       used 111196K, committed 112640K, reserved 1155072K
  class space    used 10731K, committed 11392K, reserved 1048576K
}
Event: 60302.359 GC heap before
{Heap before GC invocations=66860 (full 1618):
 PSYoungGen      total 8704K, used 8275K [0x00000000eab00000, 0x00000000eb680000, 0x0000000100000000)
  eden space 5632K, 100% used [0x00000000eab00000,0x00000000eb080000,0x00000000eb080000)
  from space 3072K, 86% used [0x00000000eb200000,0x00000000eb494d10,0x00000000eb500000)
  to   space 1536K, 0% used [0x00000000eb500000,0x00000000eb500000,0x00000000eb680000)
 ParOldGen       total 439296K, used 404137K [0x00000000c0000000, 0x00000000dad00000, 0x00000000eab00000)
  object space 439296K, 91% used [0x00000000c0000000,0x00000000d8aaa628,0x00000000dad00000)
 Metaspace       used 111196K, committed 112640K, reserved 1155072K
  class space    used 10731K, committed 11392K, reserved 1048576K
}
Event: 60302.361 GC heap after
{Heap after GC invocations=66860 (full 1618):
 PSYoungGen      total 7168K, used 1524K [0x00000000eab00000, 0x00000000eb680000, 0x0000000100000000)
  eden space 5632K, 0% used [0x00000000eab00000,0x00000000eab00000,0x00000000eb080000)
  from space 1536K, 99% used [0x00000000eb500000,0x00000000eb67d200,0x00000000eb680000)
  to   space 2560K, 0% used [0x00000000eb180000,0x00000000eb180000,0x00000000eb400000)
 ParOldGen       total 439296K, used 405040K [0x00000000c0000000, 0x00000000dad00000, 0x00000000eab00000)
  object space 439296K, 92% used [0x00000000c0000000,0x00000000d8b8c128,0x00000000dad00000)
 Metaspace       used 111196K, committed 112640K, reserved 1155072K
  class space    used 10731K, committed 11392K, reserved 1048576K
}
Event: 60302.379 GC heap before
{Heap before GC invocations=66861 (full 1618):
 PSYoungGen      total 7168K, used 7156K [0x00000000eab00000, 0x00000000eb680000, 0x0000000100000000)
  eden space 5632K, 100% used [0x00000000eab00000,0x00000000eb080000,0x00000000eb080000)
  from space 1536K, 99% used [0x00000000eb500000,0x00000000eb67d200,0x00000000eb680000)
  to   space 2560K, 0% used [0x00000000eb180000,0x00000000eb180000,0x00000000eb400000)
 ParOldGen       total 439296K, used 405040K [0x00000000c0000000, 0x00000000dad00000, 0x00000000eab00000)
  object space 439296K, 92% used [0x00000000c0000000,0x00000000d8b8c128,0x00000000dad00000)
 Metaspace       used 111196K, committed 112640K, reserved 1155072K
  class space    used 10731K, committed 11392K, reserved 1048576K
}
Event: 60302.382 GC heap after
{Heap after GC invocations=66861 (full 1618):
 PSYoungGen      total 8192K, used 2534K [0x00000000eab00000, 0x00000000eb780000, 0x0000000100000000)
  eden space 5632K, 0% used [0x00000000eab00000,0x00000000eab00000,0x00000000eb080000)
  from space 2560K, 98% used [0x00000000eb180000,0x00000000eb3f9990,0x00000000eb400000)
  to   space 3584K, 0% used [0x00000000eb400000,0x00000000eb400000,0x00000000eb780000)
 ParOldGen       total 439296K, used 405796K [0x00000000c0000000, 0x00000000dad00000, 0x00000000eab00000)
  object space 439296K, 92% used [0x00000000c0000000,0x00000000d8c49328,0x00000000dad00000)
 Metaspace       used 111196K, committed 112640K, reserved 1155072K
  class space    used 10731K, committed 11392K, reserved 1048576K
}
Event: 60305.222 GC heap before
{Heap before GC invocations=66862 (full 1618):
 PSYoungGen      total 8192K, used 8166K [0x00000000eab00000, 0x00000000eb780000, 0x0000000100000000)
  eden space 5632K, 100% used [0x00000000eab00000,0x00000000eb080000,0x00000000eb080000)
  from space 2560K, 98% used [0x00000000eb180000,0x00000000eb3f9990,0x00000000eb400000)
  to   space 3584K, 0% used [0x00000000eb400000,0x00000000eb400000,0x00000000eb780000)
 ParOldGen       total 439296K, used 405796K [0x00000000c0000000, 0x00000000dad00000, 0x00000000eab00000)
  object space 439296K, 92% used [0x00000000c0000000,0x00000000d8c49328,0x00000000dad00000)
 Metaspace       used 111196K, committed 112640K, reserved 1155072K
  class space    used 10731K, committed 11392K, reserved 1048576K
}
Event: 60305.224 GC heap after
{Heap after GC invocations=66862 (full 1618):
 PSYoungGen      total 7680K, used 1758K [0x00000000eab00000, 0x00000000eb600000, 0x0000000100000000)
  eden space 5632K, 0% used [0x00000000eab00000,0x00000000eab00000,0x00000000eb080000)
  from space 2048K, 85% used [0x00000000eb400000,0x00000000eb5b7b10,0x00000000eb600000)
  to   space 2560K, 0% used [0x00000000eb100000,0x00000000eb100000,0x00000000eb380000)
 ParOldGen       total 439296K, used 405796K [0x00000000c0000000, 0x00000000dad00000, 0x00000000eab00000)
  object space 439296K, 92% used [0x00000000c0000000,0x00000000d8c49328,0x00000000dad00000)
 Metaspace       used 111196K, committed 112640K, reserved 1155072K
  class space    used 10731K, committed 11392K, reserved 1048576K
}
Event: 60305.243 GC heap before
{Heap before GC invocations=66863 (full 1618):
 PSYoungGen      total 7680K, used 7390K [0x00000000eab00000, 0x00000000eb600000, 0x0000000100000000)
  eden space 5632K, 100% used [0x00000000eab00000,0x00000000eb080000,0x00000000eb080000)
  from space 2048K, 85% used [0x00000000eb400000,0x00000000eb5b7b10,0x00000000eb600000)
  to   space 2560K, 0% used [0x00000000eb100000,0x00000000eb100000,0x00000000eb380000)
 ParOldGen       total 439296K, used 405796K [0x00000000c0000000, 0x00000000dad00000, 0x00000000eab00000)
  object space 439296K, 92% used [0x00000000c0000000,0x00000000d8c49328,0x00000000dad00000)
 Metaspace       used 111196K, committed 112640K, reserved 1155072K
  class space    used 10731K, committed 11392K, reserved 1048576K
}
Event: 60305.245 GC heap after
{Heap after GC invocations=66863 (full 1618):
 PSYoungGen      total 8192K, used 2115K [0x00000000eab00000, 0x00000000eb580000, 0x0000000100000000)
  eden space 5632K, 0% used [0x00000000eab00000,0x00000000eab00000,0x00000000eb080000)
  from space 2560K, 82% used [0x00000000eb100000,0x00000000eb310d20,0x00000000eb380000)
  to   space 2048K, 0% used [0x00000000eb380000,0x00000000eb380000,0x00000000eb580000)
 ParOldGen       total 439296K, used 405804K [0x00000000c0000000, 0x00000000dad00000, 0x00000000eab00000)
  object space 439296K, 92% used [0x00000000c0000000,0x00000000d8c4b328,0x00000000dad00000)
 Metaspace       used 111196K, committed 112640K, reserved 1155072K
  class space    used 10731K, committed 11392K, reserved 1048576K
}
Event: 60305.259 GC heap before
{Heap before GC invocations=66864 (full 1618):
 PSYoungGen      total 8192K, used 7747K [0x00000000eab00000, 0x00000000eb580000, 0x0000000100000000)
  eden space 5632K, 100% used [0x00000000eab00000,0x00000000eb080000,0x00000000eb080000)
  from space 2560K, 82% used [0x00000000eb100000,0x00000000eb310d20,0x00000000eb380000)
  to   space 2048K, 0% used [0x00000000eb380000,0x00000000eb380000,0x00000000eb580000)
 ParOldGen       total 439296K, used 405804K [0x00000000c0000000, 0x00000000dad00000, 0x00000000eab00000)
  object space 439296K, 92% used [0x00000000c0000000,0x00000000d8c4b328,0x00000000dad00000)
 Metaspace       used 111196K, committed 112640K, reserved 1155072K
  class space    used 10731K, committed 11392K, reserved 1048576K
}

