# JRE version: OpenJDK Runtime Environment Temurin-17.0.6+10 (17.0.6+10) (build 17.0.6+10)
# Java VM: OpenJDK 64-Bit Server VM Temurin-17.0.6+10 (17.0.6+10, mixed mode, emulated-client, tiered, compressed oops, compressed class ptrs, g1 gc, windows-amd64)
GC Precious Log:
 CPUs: 8 total, 8 available
 Memory: 16151M
 Large Page Support: Disabled
 NUMA Support: Disabled
 Compressed Oops: Enabled (32-bit)
 Heap Region Size: 1M
 Heap Min Capacity: 8M
 Heap Initial Capacity: 254M
 Heap Max Capacity: 1G
 Pre-touch: Disabled
 Parallel Workers: 8
 Concurrent Workers: 2
 Concurrent Refinement Workers: 8
 Periodic GC: Disabled
Heap:
 garbage-first heap   total 55296K, used 17248K [0x00000000c0000000, 0x0000000100000000)
  region size 1024K, 1 young (1024K), 0 survivors (0K)
 Metaspace       used 38192K, committed 38720K, reserved 1089536K
  class space    used 5038K, committed 5248K, reserved 1048576K
GC Heap History (20 events):
Event: 929.154 GC heap before
{Heap before GC invocations=91 (full 81):
 garbage-first heap   total 55296K, used 17248K [0x00000000c0000000, 0x0000000100000000)
  region size 1024K, 1 young (1024K), 0 survivors (0K)
 Metaspace       used 38192K, committed 38720K, reserved 1089536K
  class space    used 5038K, committed 5248K, reserved 1048576K
}
Event: 929.184 GC heap after
{Heap after GC invocations=92 (full 82):
 garbage-first heap   total 55296K, used 17248K [0x00000000c0000000, 0x0000000100000000)
  region size 1024K, 0 young (0K), 0 survivors (0K)
 Metaspace       used 38192K, committed 38720K, reserved 1089536K
  class space    used 5038K, committed 5248K, reserved 1048576K
}
Event: 939.695 GC heap before
{Heap before GC invocations=92 (full 82):
 garbage-first heap   total 55296K, used 17248K [0x00000000c0000000, 0x0000000100000000)
  region size 1024K, 1 young (1024K), 0 survivors (0K)
 Metaspace       used 38192K, committed 38720K, reserved 1089536K
  class space    used 5038K, committed 5248K, reserved 1048576K
}
Event: 939.736 GC heap after
{Heap after GC invocations=93 (full 83):
 garbage-first heap   total 55296K, used 17248K [0x00000000c0000000, 0x0000000100000000)
  region size 1024K, 0 young (0K), 0 survivors (0K)
 Metaspace       used 38192K, committed 38720K, reserved 1089536K
  class space    used 5038K, committed 5248K, reserved 1048576K
}
Event: 950.317 GC heap before
{Heap before GC invocations=93 (full 83):
 garbage-first heap   total 55296K, used 17248K [0x00000000c0000000, 0x0000000100000000)
  region size 1024K, 1 young (1024K), 0 survivors (0K)
 Metaspace       used 38192K, committed 38720K, reserved 1089536K
  class space    used 5038K, committed 5248K, reserved 1048576K
}
Event: 950.345 GC heap after
{Heap after GC invocations=94 (full 84):
 garbage-first heap   total 55296K, used 17248K [0x00000000c0000000, 0x0000000100000000)
  region size 1024K, 0 young (0K), 0 survivors (0K)
 Metaspace       used 38192K, committed 38720K, reserved 1089536K
  class space    used 5038K, committed 5248K, reserved 1048576K
}
Event: 961.094 GC heap before
{Heap before GC invocations=94 (full 84):
 garbage-first heap   total 55296K, used 17248K [0x00000000c0000000, 0x0000000100000000)
  region size 1024K, 1 young (1024K), 0 survivors (0K)
 Metaspace       used 38192K, committed 38720K, reserved 1089536K
  class space    used 5038K, committed 5248K, reserved 1048576K
}
Event: 961.138 GC heap after
{Heap after GC invocations=95 (full 85):
 garbage-first heap   total 55296K, used 17248K [0x00000000c0000000, 0x0000000100000000)
  region size 1024K, 0 young (0K), 0 survivors (0K)
 Metaspace       used 38192K, committed 38720K, reserved 1089536K
  class space    used 5038K, committed 5248K, reserved 1048576K
}
Event: 971.692 GC heap before
{Heap before GC invocations=95 (full 85):
 garbage-first heap   total 55296K, used 17248K [0x00000000c0000000, 0x0000000100000000)
  region size 1024K, 1 young (1024K), 0 survivors (0K)
 Metaspace       used 38192K, committed 38720K, reserved 1089536K
  class space    used 5038K, committed 5248K, reserved 1048576K
}
Event: 971.718 GC heap after
{Heap after GC invocations=96 (full 86):
 garbage-first heap   total 55296K, used 17248K [0x00000000c0000000, 0x0000000100000000)
  region size 1024K, 0 young (0K), 0 survivors (0K)
 Metaspace       used 38192K, committed 38720K, reserved 1089536K
  class space    used 5038K, committed 5248K, reserved 1048576K
}
Event: 982.179 GC heap before
{Heap before GC invocations=96 (full 86):
 garbage-first heap   total 55296K, used 17248K [0x00000000c0000000, 0x0000000100000000)
  region size 1024K, 1 young (1024K), 0 survivors (0K)
 Metaspace       used 38192K, committed 38720K, reserved 1089536K
  class space    used 5038K, committed 5248K, reserved 1048576K
}
Event: 982.207 GC heap after
{Heap after GC invocations=97 (full 87):
 garbage-first heap   total 55296K, used 17248K [0x00000000c0000000, 0x0000000100000000)
  region size 1024K, 0 young (0K), 0 survivors (0K)
 Metaspace       used 38192K, committed 38720K, reserved 1089536K
  class space    used 5038K, committed 5248K, reserved 1048576K
}
Event: 992.890 GC heap before
{Heap before GC invocations=97 (full 87):
 garbage-first heap   total 55296K, used 17248K [0x00000000c0000000, 0x0000000100000000)
  region size 1024K, 1 young (1024K), 0 survivors (0K)
 Metaspace       used 38192K, committed 38720K, reserved 1089536K
  class space    used 5038K, committed 5248K, reserved 1048576K
}
Event: 992.925 GC heap after
{Heap after GC invocations=98 (full 88):
 garbage-first heap   total 55296K, used 17248K [0x00000000c0000000, 0x0000000100000000)
  region size 1024K, 0 young (0K), 0 survivors (0K)
 Metaspace       used 38192K, committed 38720K, reserved 1089536K
  class space    used 5038K, committed 5248K, reserved 1048576K
}
Event: 1003.504 GC heap before
{Heap before GC invocations=98 (full 88):
 garbage-first heap   total 55296K, used 17248K [0x00000000c0000000, 0x0000000100000000)
  region size 1024K, 1 young (1024K), 0 survivors (0K)
 Metaspace       used 38192K, committed 38720K, reserved 1089536K
  class space    used 5038K, committed 5248K, reserved 1048576K
}
Event: 1003.529 GC heap after
{Heap after GC invocations=99 (full 89):
 garbage-first heap   total 55296K, used 17248K [0x00000000c0000000, 0x0000000100000000)
  region size 1024K, 0 young (0K), 0 survivors (0K)
 Metaspace       used 38192K, committed 38720K, reserved 1089536K
  class space    used 5038K, committed 5248K, reserved 1048576K
}
Event: 1014.060 GC heap before
{Heap before GC invocations=99 (full 89):
 garbage-first heap   total 55296K, used 17248K [0x00000000c0000000, 0x0000000100000000)
  region size 1024K, 1 young (1024K), 0 survivors (0K)
 Metaspace       used 38192K, committed 38720K, reserved 1089536K
  class space    used 5038K, committed 5248K, reserved 1048576K
}
Event: 1014.087 GC heap after
{Heap after GC invocations=100 (full 90):
 garbage-first heap   total 55296K, used 17248K [0x00000000c0000000, 0x0000000100000000)
  region size 1024K, 0 young (0K), 0 survivors (0K)
 Metaspace       used 38192K, committed 38720K, reserved 1089536K
  class space    used 5038K, committed 5248K, reserved 1048576K
}
Event: 1024.719 GC heap before
{Heap before GC invocations=100 (full 90):
 garbage-first heap   total 55296K, used 17248K [0x00000000c0000000, 0x0000000100000000)
  region size 1024K, 1 young (1024K), 0 survivors (0K)
 Metaspace       used 38192K, committed 38720K, reserved 1089536K
  class space    used 5038K, committed 5248K, reserved 1048576K
}
Event: 1024.751 GC heap after
{Heap after GC invocations=101 (full 91):
 garbage-first heap   total 55296K, used 17248K [0x00000000c0000000, 0x0000000100000000)
  region size 1024K, 0 young (0K), 0 survivors (0K)
 Metaspace       used 38192K, committed 38720K, reserved 1089536K
  class space    used 5038K, committed 5248K, reserved 1048576K
}

