# JRE version: OpenJDK Runtime Environment Temurin-17.0.6+10 (17.0.6+10) (build 17.0.6+10)
# Java VM: OpenJDK 64-Bit Server VM Temurin-17.0.6+10 (17.0.6+10, mixed mode, emulated-client, tiered, compressed oops, compressed class ptrs, g1 gc, windows-amd64)
GC Precious Log:
 CPUs: 8 total, 8 available
 Memory: 16151M
 Large Page Support: Disabled
 NUMA Support: Disabled
 Compressed Oops: Enabled (32-bit)
 Heap Region Size: 1M
 Heap Min Capacity: 8M
 Heap Initial Capacity: 254M
 Heap Max Capacity: 1G
 Pre-touch: Disabled
 Parallel Workers: 8
 Concurrent Workers: 2
 Concurrent Refinement Workers: 8
 Periodic GC: Disabled
Heap:
 garbage-first heap   total 81920K, used 29895K [0x00000000c0000000, 0x0000000100000000)
  region size 1024K, 1 young (1024K), 0 survivors (0K)
 Metaspace       used 55591K, committed 56128K, reserved 1105920K
  class space    used 7105K, committed 7360K, reserved 1048576K
GC Heap History (20 events):
Event: 778198.776 GC heap before
{Heap before GC invocations=35609 (full 35580):
 garbage-first heap   total 81920K, used 29895K [0x00000000c0000000, 0x0000000100000000)
  region size 1024K, 1 young (1024K), 0 survivors (0K)
 Metaspace       used 55591K, committed 56128K, reserved 1105920K
  class space    used 7105K, committed 7360K, reserved 1048576K
}
Event: 778198.836 GC heap after
{Heap after GC invocations=35610 (full 35581):
 garbage-first heap   total 81920K, used 29895K [0x00000000c0000000, 0x0000000100000000)
  region size 1024K, 0 young (0K), 0 survivors (0K)
 Metaspace       used 55591K, committed 56128K, reserved 1105920K
  class space    used 7105K, committed 7360K, reserved 1048576K
}
Event: 778209.420 GC heap before
{Heap before GC invocations=35610 (full 35581):
 garbage-first heap   total 81920K, used 29895K [0x00000000c0000000, 0x0000000100000000)
  region size 1024K, 1 young (1024K), 0 survivors (0K)
 Metaspace       used 55591K, committed 56128K, reserved 1105920K
  class space    used 7105K, committed 7360K, reserved 1048576K
}
Event: 778209.476 GC heap after
{Heap after GC invocations=35611 (full 35582):
 garbage-first heap   total 81920K, used 29895K [0x00000000c0000000, 0x0000000100000000)
  region size 1024K, 0 young (0K), 0 survivors (0K)
 Metaspace       used 55591K, committed 56128K, reserved 1105920K
  class space    used 7105K, committed 7360K, reserved 1048576K
}
Event: 778220.008 GC heap before
{Heap before GC invocations=35611 (full 35582):
 garbage-first heap   total 81920K, used 29895K [0x00000000c0000000, 0x0000000100000000)
  region size 1024K, 1 young (1024K), 0 survivors (0K)
 Metaspace       used 55591K, committed 56128K, reserved 1105920K
  class space    used 7105K, committed 7360K, reserved 1048576K
}
Event: 778220.054 GC heap after
{Heap after GC invocations=35612 (full 35583):
 garbage-first heap   total 81920K, used 29895K [0x00000000c0000000, 0x0000000100000000)
  region size 1024K, 0 young (0K), 0 survivors (0K)
 Metaspace       used 55591K, committed 56128K, reserved 1105920K
  class space    used 7105K, committed 7360K, reserved 1048576K
}
Event: 778230.548 GC heap before
{Heap before GC invocations=35612 (full 35583):
 garbage-first heap   total 81920K, used 29895K [0x00000000c0000000, 0x0000000100000000)
  region size 1024K, 1 young (1024K), 0 survivors (0K)
 Metaspace       used 55591K, committed 56128K, reserved 1105920K
  class space    used 7105K, committed 7360K, reserved 1048576K
}
Event: 778230.595 GC heap after
{Heap after GC invocations=35613 (full 35584):
 garbage-first heap   total 81920K, used 29895K [0x00000000c0000000, 0x0000000100000000)
  region size 1024K, 0 young (0K), 0 survivors (0K)
 Metaspace       used 55591K, committed 56128K, reserved 1105920K
  class space    used 7105K, committed 7360K, reserved 1048576K
}
Event: 778241.105 GC heap before
{Heap before GC invocations=35613 (full 35584):
 garbage-first heap   total 81920K, used 29895K [0x00000000c0000000, 0x0000000100000000)
  region size 1024K, 1 young (1024K), 0 survivors (0K)
 Metaspace       used 55591K, committed 56128K, reserved 1105920K
  class space    used 7105K, committed 7360K, reserved 1048576K
}
Event: 778241.151 GC heap after
{Heap after GC invocations=35614 (full 35585):
 garbage-first heap   total 81920K, used 29895K [0x00000000c0000000, 0x0000000100000000)
  region size 1024K, 0 young (0K), 0 survivors (0K)
 Metaspace       used 55591K, committed 56128K, reserved 1105920K
  class space    used 7105K, committed 7360K, reserved 1048576K
}
Event: 778251.733 GC heap before
{Heap before GC invocations=35614 (full 35585):
 garbage-first heap   total 81920K, used 29895K [0x00000000c0000000, 0x0000000100000000)
  region size 1024K, 1 young (1024K), 0 survivors (0K)
 Metaspace       used 55591K, committed 56128K, reserved 1105920K
  class space    used 7105K, committed 7360K, reserved 1048576K
}
Event: 778251.787 GC heap after
{Heap after GC invocations=35615 (full 35586):
 garbage-first heap   total 81920K, used 29895K [0x00000000c0000000, 0x0000000100000000)
  region size 1024K, 0 young (0K), 0 survivors (0K)
 Metaspace       used 55591K, committed 56128K, reserved 1105920K
  class space    used 7105K, committed 7360K, reserved 1048576K
}
Event: 778262.322 GC heap before
{Heap before GC invocations=35615 (full 35586):
 garbage-first heap   total 81920K, used 29895K [0x00000000c0000000, 0x0000000100000000)
  region size 1024K, 1 young (1024K), 0 survivors (0K)
 Metaspace       used 55591K, committed 56128K, reserved 1105920K
  class space    used 7105K, committed 7360K, reserved 1048576K
}
Event: 778262.392 GC heap after
{Heap after GC invocations=35616 (full 35587):
 garbage-first heap   total 81920K, used 29895K [0x00000000c0000000, 0x0000000100000000)
  region size 1024K, 0 young (0K), 0 survivors (0K)
 Metaspace       used 55591K, committed 56128K, reserved 1105920K
  class space    used 7105K, committed 7360K, reserved 1048576K
}
Event: 778272.930 GC heap before
{Heap before GC invocations=35616 (full 35587):
 garbage-first heap   total 81920K, used 29895K [0x00000000c0000000, 0x0000000100000000)
  region size 1024K, 1 young (1024K), 0 survivors (0K)
 Metaspace       used 55591K, committed 56128K, reserved 1105920K
  class space    used 7105K, committed 7360K, reserved 1048576K
}
Event: 778272.974 GC heap after
{Heap after GC invocations=35617 (full 35588):
 garbage-first heap   total 81920K, used 29895K [0x00000000c0000000, 0x0000000100000000)
  region size 1024K, 0 young (0K), 0 survivors (0K)
 Metaspace       used 55591K, committed 56128K, reserved 1105920K
  class space    used 7105K, committed 7360K, reserved 1048576K
}
Event: 778283.552 GC heap before
{Heap before GC invocations=35617 (full 35588):
 garbage-first heap   total 81920K, used 29895K [0x00000000c0000000, 0x0000000100000000)
  region size 1024K, 1 young (1024K), 0 survivors (0K)
 Metaspace       used 55591K, committed 56128K, reserved 1105920K
  class space    used 7105K, committed 7360K, reserved 1048576K
}
Event: 778283.600 GC heap after
{Heap after GC invocations=35618 (full 35589):
 garbage-first heap   total 81920K, used 29895K [0x00000000c0000000, 0x0000000100000000)
  region size 1024K, 0 young (0K), 0 survivors (0K)
 Metaspace       used 55591K, committed 56128K, reserved 1105920K
  class space    used 7105K, committed 7360K, reserved 1048576K
}
Event: 778294.327 GC heap before
{Heap before GC invocations=35618 (full 35589):
 garbage-first heap   total 81920K, used 29895K [0x00000000c0000000, 0x0000000100000000)
  region size 1024K, 1 young (1024K), 0 survivors (0K)
 Metaspace       used 55591K, committed 56128K, reserved 1105920K
  class space    used 7105K, committed 7360K, reserved 1048576K
}
Event: 778294.381 GC heap after
{Heap after GC invocations=35619 (full 35590):
 garbage-first heap   total 81920K, used 29895K [0x00000000c0000000, 0x0000000100000000)
  region size 1024K, 0 young (0K), 0 survivors (0K)
 Metaspace       used 55591K, committed 56128K, reserved 1105920K
  class space    used 7105K, committed 7360K, reserved 1048576K
}

