# JRE version: OpenJDK Runtime Environment Temurin-17.0.6+10 (17.0.6+10) (build 17.0.6+10)
# Java VM: OpenJDK 64-Bit Server VM Temurin-17.0.6+10 (17.0.6+10, mixed mode, emulated-client, tiered, compressed oops, compressed class ptrs, g1 gc, windows-amd64)
GC Precious Log:
 CPUs: 8 total, 8 available
 Memory: 16151M
 Large Page Support: Disabled
 NUMA Support: Disabled
 Compressed Oops: Enabled (32-bit)
 Heap Region Size: 1M
 Heap Min Capacity: 8M
 Heap Initial Capacity: 254M
 Heap Max Capacity: 1G
 Pre-touch: Disabled
 Parallel Workers: 8
 Concurrent Workers: 2
 Concurrent Refinement Workers: 8
 Periodic GC: Disabled
Heap:
 garbage-first heap   total 55296K, used 22096K [0x00000000c0000000, 0x0000000100000000)
  region size 1024K, 1 young (1024K), 0 survivors (0K)
 Metaspace       used 46521K, committed 47104K, reserved 1097728K
  class space    used 6219K, committed 6464K, reserved 1048576K
GC Heap History (20 events):
Event: 109618.770 GC heap before
{Heap before GC invocations=6676 (full 6658):
 garbage-first heap   total 55296K, used 22096K [0x00000000c0000000, 0x0000000100000000)
  region size 1024K, 1 young (1024K), 0 survivors (0K)
 Metaspace       used 46521K, committed 47104K, reserved 1097728K
  class space    used 6219K, committed 6464K, reserved 1048576K
}
Event: 109618.812 GC heap after
{Heap after GC invocations=6677 (full 6659):
 garbage-first heap   total 55296K, used 22096K [0x00000000c0000000, 0x0000000100000000)
  region size 1024K, 0 young (0K), 0 survivors (0K)
 Metaspace       used 46521K, committed 47104K, reserved 1097728K
  class space    used 6219K, committed 6464K, reserved 1048576K
}
Event: 109629.196 GC heap before
{Heap before GC invocations=6677 (full 6659):
 garbage-first heap   total 55296K, used 22096K [0x00000000c0000000, 0x0000000100000000)
  region size 1024K, 1 young (1024K), 0 survivors (0K)
 Metaspace       used 46521K, committed 47104K, reserved 1097728K
  class space    used 6219K, committed 6464K, reserved 1048576K
}
Event: 109629.221 GC heap after
{Heap after GC invocations=6678 (full 6660):
 garbage-first heap   total 55296K, used 22096K [0x00000000c0000000, 0x0000000100000000)
  region size 1024K, 0 young (0K), 0 survivors (0K)
 Metaspace       used 46521K, committed 47104K, reserved 1097728K
  class space    used 6219K, committed 6464K, reserved 1048576K
}
Event: 109639.534 GC heap before
{Heap before GC invocations=6678 (full 6660):
 garbage-first heap   total 55296K, used 22096K [0x00000000c0000000, 0x0000000100000000)
  region size 1024K, 1 young (1024K), 0 survivors (0K)
 Metaspace       used 46521K, committed 47104K, reserved 1097728K
  class space    used 6219K, committed 6464K, reserved 1048576K
}
Event: 109639.583 GC heap after
{Heap after GC invocations=6679 (full 6661):
 garbage-first heap   total 55296K, used 22096K [0x00000000c0000000, 0x0000000100000000)
  region size 1024K, 0 young (0K), 0 survivors (0K)
 Metaspace       used 46521K, committed 47104K, reserved 1097728K
  class space    used 6219K, committed 6464K, reserved 1048576K
}
Event: 109649.937 GC heap before
{Heap before GC invocations=6679 (full 6661):
 garbage-first heap   total 55296K, used 22096K [0x00000000c0000000, 0x0000000100000000)
  region size 1024K, 1 young (1024K), 0 survivors (0K)
 Metaspace       used 46521K, committed 47104K, reserved 1097728K
  class space    used 6219K, committed 6464K, reserved 1048576K
}
Event: 109649.976 GC heap after
{Heap after GC invocations=6680 (full 6662):
 garbage-first heap   total 55296K, used 22096K [0x00000000c0000000, 0x0000000100000000)
  region size 1024K, 0 young (0K), 0 survivors (0K)
 Metaspace       used 46521K, committed 47104K, reserved 1097728K
  class space    used 6219K, committed 6464K, reserved 1048576K
}
Event: 109660.390 GC heap before
{Heap before GC invocations=6680 (full 6662):
 garbage-first heap   total 55296K, used 22096K [0x00000000c0000000, 0x0000000100000000)
  region size 1024K, 1 young (1024K), 0 survivors (0K)
 Metaspace       used 46521K, committed 47104K, reserved 1097728K
  class space    used 6219K, committed 6464K, reserved 1048576K
}
Event: 109660.426 GC heap after
{Heap after GC invocations=6681 (full 6663):
 garbage-first heap   total 55296K, used 22096K [0x00000000c0000000, 0x0000000100000000)
  region size 1024K, 0 young (0K), 0 survivors (0K)
 Metaspace       used 46521K, committed 47104K, reserved 1097728K
  class space    used 6219K, committed 6464K, reserved 1048576K
}
Event: 109670.869 GC heap before
{Heap before GC invocations=6681 (full 6663):
 garbage-first heap   total 55296K, used 22096K [0x00000000c0000000, 0x0000000100000000)
  region size 1024K, 1 young (1024K), 0 survivors (0K)
 Metaspace       used 46521K, committed 47104K, reserved 1097728K
  class space    used 6219K, committed 6464K, reserved 1048576K
}
Event: 109670.919 GC heap after
{Heap after GC invocations=6682 (full 6664):
 garbage-first heap   total 55296K, used 22096K [0x00000000c0000000, 0x0000000100000000)
  region size 1024K, 0 young (0K), 0 survivors (0K)
 Metaspace       used 46521K, committed 47104K, reserved 1097728K
  class space    used 6219K, committed 6464K, reserved 1048576K
}
Event: 109681.353 GC heap before
{Heap before GC invocations=6682 (full 6664):
 garbage-first heap   total 55296K, used 22096K [0x00000000c0000000, 0x0000000100000000)
  region size 1024K, 1 young (1024K), 0 survivors (0K)
 Metaspace       used 46521K, committed 47104K, reserved 1097728K
  class space    used 6219K, committed 6464K, reserved 1048576K
}
Event: 109681.401 GC heap after
{Heap after GC invocations=6683 (full 6665):
 garbage-first heap   total 55296K, used 22096K [0x00000000c0000000, 0x0000000100000000)
  region size 1024K, 0 young (0K), 0 survivors (0K)
 Metaspace       used 46521K, committed 47104K, reserved 1097728K
  class space    used 6219K, committed 6464K, reserved 1048576K
}
Event: 109691.868 GC heap before
{Heap before GC invocations=6683 (full 6665):
 garbage-first heap   total 55296K, used 22096K [0x00000000c0000000, 0x0000000100000000)
  region size 1024K, 1 young (1024K), 0 survivors (0K)
 Metaspace       used 46521K, committed 47104K, reserved 1097728K
  class space    used 6219K, committed 6464K, reserved 1048576K
}
Event: 109691.915 GC heap after
{Heap after GC invocations=6684 (full 6666):
 garbage-first heap   total 55296K, used 22096K [0x00000000c0000000, 0x0000000100000000)
  region size 1024K, 0 young (0K), 0 survivors (0K)
 Metaspace       used 46521K, committed 47104K, reserved 1097728K
  class space    used 6219K, committed 6464K, reserved 1048576K
}
Event: 109702.293 GC heap before
{Heap before GC invocations=6684 (full 6666):
 garbage-first heap   total 55296K, used 22096K [0x00000000c0000000, 0x0000000100000000)
  region size 1024K, 1 young (1024K), 0 survivors (0K)
 Metaspace       used 46521K, committed 47104K, reserved 1097728K
  class space    used 6219K, committed 6464K, reserved 1048576K
}
Event: 109702.323 GC heap after
{Heap after GC invocations=6685 (full 6667):
 garbage-first heap   total 55296K, used 22096K [0x00000000c0000000, 0x0000000100000000)
  region size 1024K, 0 young (0K), 0 survivors (0K)
 Metaspace       used 46521K, committed 47104K, reserved 1097728K
  class space    used 6219K, committed 6464K, reserved 1048576K
}
Event: 109712.687 GC heap before
{Heap before GC invocations=6685 (full 6667):
 garbage-first heap   total 55296K, used 22096K [0x00000000c0000000, 0x0000000100000000)
  region size 1024K, 1 young (1024K), 0 survivors (0K)
 Metaspace       used 46521K, committed 47104K, reserved 1097728K
  class space    used 6219K, committed 6464K, reserved 1048576K
}
Event: 109712.728 GC heap after
{Heap after GC invocations=6686 (full 6668):
 garbage-first heap   total 55296K, used 22096K [0x00000000c0000000, 0x0000000100000000)
  region size 1024K, 0 young (0K), 0 survivors (0K)
 Metaspace       used 46521K, committed 47104K, reserved 1097728K
  class space    used 6219K, committed 6464K, reserved 1048576K
}

